<?xml version="1.0" encoding="UTF-8"?>
<testsuite xmlns:xsi="http://www.w3.org/2001/XMLSchema-instance" xsi:noNamespaceSchemaLocation="https://maven.apache.org/surefire/maven-surefire-plugin/xsd/surefire-test-report.xsd" name="UserControllerTest" time="10.022" tests="6" errors="0" skipped="0" failures="0">
  <properties>
[...]
</properties>
  <testcase name="testAddUser" classname="UserControllerTest" time="0.371"/>
  <testcase name="testSellStocks" classname="UserControllerTest" time="0.17"/>
  <testcase name="testAddMoney" classname="UserControllerTest" time="0.056"/>
  <testcase name="testBuyStocks" classname="UserControllerTest" time="0.139"/>
  <testcase name="testGetBalance" classname="UserControllerTest" time="0.196"/>
  <testcase name="testGetStocks" classname="UserControllerTest" time="0.091"/>
</testsuite>